<?xml version="1.0" encoding="UTF-8"?>
<testsuite name="agh.cs.lab3.OptionParserTest" tests="1" skipped="0" failures="0" errors="0" timestamp="2020-10-27T13:30:36" hostname="LAPTOP-3VERJRAU" time="0.003">
  <properties/>
  <testcase name="testParse" classname="agh.cs.lab3.OptionParserTest" time="0.003"/>
  <system-out><![CDATA[]]></system-out>
  <system-err><![CDATA[]]></system-err>
</testsuite>
